{"C:\\Users\\s7epa\\Documents\\GitHub\\resum-vizor\\diploma-verify-frontend\\src\\services\\api.js": {"path":"C:\\Users\\s7epa\\Documents\\GitHub\\resum-vizor\\diploma-verify-frontend\\src\\services\\api.js","statementMap":{"0":{"start":{"line":3,"column":21},"end":{"line":3,"column":81}},"1":{"start":{"line":5,"column":12},"end":{"line":11,"column":2}},"2":{"start":{"line":14,"column":0},"end":{"line":31,"column":1}},"3":{"start":{"line":16,"column":18},"end":{"line":16,"column":47}},"4":{"start":{"line":17,"column":4},"end":{"line":19,"column":5}},"5":{"start":{"line":18,"column":6},"end":{"line":18,"column":54}},"6":{"start":{"line":21,"column":17},"end":{"line":21,"column":50}},"7":{"start":{"line":22,"column":4},"end":{"line":24,"column":5}},"8":{"start":{"line":23,"column":6},"end":{"line":23,"column":32}},"9":{"start":{"line":26,"column":4},"end":{"line":26,"column":17}},"10":{"start":{"line":29,"column":4},"end":{"line":29,"column":32}},"11":{"start":{"line":34,"column":0},"end":{"line":56,"column":1}},"12":{"start":{"line":35,"column":16},"end":{"line":35,"column":24}},"13":{"start":{"line":37,"column":28},"end":{"line":37,"column":40}},"14":{"start":{"line":40,"column":4},"end":{"line":52,"column":5}},"15":{"start":{"line":41,"column":6},"end":{"line":41,"column":35}},"16":{"start":{"line":44,"column":6},"end":{"line":44,"column":38}},"17":{"start":{"line":45,"column":6},"end":{"line":45,"column":42}},"18":{"start":{"line":46,"column":6},"end":{"line":46,"column":37}},"19":{"start":{"line":49,"column":6},"end":{"line":51,"column":7}},"20":{"start":{"line":50,"column":8},"end":{"line":50,"column":39}},"21":{"start":{"line":54,"column":4},"end":{"line":54,"column":32}}},"fnMap":{"0":{"name":"(anonymous_0)","decl":{"start":{"line":15,"column":2},"end":{"line":15,"column":3}},"loc":{"start":{"line":15,"column":14},"end":{"line":27,"column":3}},"line":15},"1":{"name":"(anonymous_1)","decl":{"start":{"line":28,"column":2},"end":{"line":28,"column":3}},"loc":{"start":{"line":28,"column":13},"end":{"line":30,"column":3}},"line":28},"2":{"name":"(anonymous_2)","decl":{"start":{"line":35,"column":2},"end":{"line":35,"column":3}},"loc":{"start":{"line":35,"column":16},"end":{"line":35,"column":24}},"line":35},"3":{"name":"(anonymous_3)","decl":{"start":{"line":36,"column":2},"end":{"line":36,"column":7}},"loc":{"start":{"line":36,"column":19},"end":{"line":55,"column":3}},"line":36}},"branchMap":{"0":{"loc":{"start":{"line":3,"column":21},"end":{"line":3,"column":81}},"type":"binary-expr","locations":[{"start":{"line":3,"column":21},"end":{"line":3,"column":54}},{"start":{"line":3,"column":58},"end":{"line":3,"column":81}}],"line":3},"1":{"loc":{"start":{"line":17,"column":4},"end":{"line":19,"column":5}},"type":"if","locations":[{"start":{"line":17,"column":4},"end":{"line":19,"column":5}},{"start":{},"end":{}}],"line":17},"2":{"loc":{"start":{"line":22,"column":4},"end":{"line":24,"column":5}},"type":"if","locations":[{"start":{"line":22,"column":4},"end":{"line":24,"column":5}},{"start":{},"end":{}}],"line":22},"3":{"loc":{"start":{"line":40,"column":4},"end":{"line":52,"column":5}},"type":"if","locations":[{"start":{"line":40,"column":4},"end":{"line":52,"column":5}},{"start":{},"end":{}}],"line":40},"4":{"loc":{"start":{"line":40,"column":8},"end":{"line":40,"column":65}},"type":"binary-expr","locations":[{"start":{"line":40,"column":8},"end":{"line":40,"column":38}},{"start":{"line":40,"column":42},"end":{"line":40,"column":65}}],"line":40},"5":{"loc":{"start":{"line":49,"column":6},"end":{"line":51,"column":7}},"type":"if","locations":[{"start":{"line":49,"column":6},"end":{"line":51,"column":7}},{"start":{},"end":{}}],"line":49}},"s":{"0":1,"1":1,"2":1,"3":12,"4":12,"5":0,"6":12,"7":12,"8":0,"9":12,"10":0,"11":1,"12":6,"13":6,"14":6,"15":0,"16":0,"17":0,"18":0,"19":0,"20":0,"21":6},"f":{"0":12,"1":0,"2":6,"3":6},"b":{"0":[1,1],"1":[0,12],"2":[0,12],"3":[0,6],"4":[6,0],"5":[0,0]},"meta":{"lastBranch":6,"lastFunction":4,"lastStatement":22,"seen":{"s:3:21:3:81":0,"b:3:21:3:54:3:58:3:81":0,"s:5:12:11:2":1,"s:14:0:31:1":2,"f:15:2:15:3":0,"s:16:18:16:47":3,"b:17:4:19:5:undefined:undefined:undefined:undefined":1,"s:17:4:19:5":4,"s:18:6:18:54":5,"s:21:17:21:50":6,"b:22:4:24:5:undefined:undefined:undefined:undefined":2,"s:22:4:24:5":7,"s:23:6:23:32":8,"s:26:4:26:17":9,"f:28:2:28:3":1,"s:29:4:29:32":10,"s:34:0:56:1":11,"f:35:2:35:3":2,"s:35:16:35:24":12,"f:36:2:36:7":3,"s:37:28:37:40":13,"b:40:4:52:5:undefined:undefined:undefined:undefined":3,"s:40:4:52:5":14,"b:40:8:40:38:40:42:40:65":4,"s:41:6:41:35":15,"s:44:6:44:38":16,"s:45:6:45:42":17,"s:46:6:46:37":18,"b:49:6:51:7:undefined:undefined:undefined:undefined":5,"s:49:6:51:7":19,"s:50:8:50:39":20,"s:54:4:54:32":21}}}
}
