TN:
SF:src\services\api.js
FN:15,(anonymous_0)
FN:28,(anonymous_1)
FN:35,(anonymous_2)
FN:36,(anonymous_3)
FNF:4
FNH:3
FNDA:12,(anonymous_0)
FNDA:0,(anonymous_1)
FNDA:6,(anonymous_2)
FNDA:6,(anonymous_3)
DA:3,1
DA:5,1
DA:14,1
DA:16,12
DA:17,12
DA:18,0
DA:21,12
DA:22,12
DA:23,0
DA:26,12
DA:29,0
DA:34,1
DA:35,6
DA:37,6
DA:40,6
DA:41,0
DA:44,0
DA:45,0
DA:46,0
DA:49,0
DA:50,0
DA:54,6
LF:22
LH:13
BRDA:3,0,0,1
BRDA:3,0,1,1
BRDA:17,1,0,0
BRDA:17,1,1,12
BRDA:22,2,0,0
BRDA:22,2,1,12
BRDA:40,3,0,0
BRDA:40,3,1,6
BRDA:40,4,0,6
BRDA:40,4,1,0
BRDA:49,5,0,0
BRDA:49,5,1,0
BRF:12
BRH:6
end_of_record
